Analysis & Synthesis report for VGA
Tue Jun 05 20:06:32 2018
Quartus II 64-Bit Version 14.1.0 Build 186 12/03/2014 SJ Web Edition


---------------------
; Table of Contents ;
---------------------
  1. Legal Notice
  2. Analysis & Synthesis Summary
  3. Analysis & Synthesis Settings
  4. Parallel Compilation
  5. Analysis & Synthesis Source Files Read
  6. Analysis & Synthesis Resource Usage Summary
  7. Analysis & Synthesis Resource Utilization by Entity
  8. Analysis & Synthesis IP Cores Summary
  9. Registers Removed During Synthesis
 10. Removed Registers Triggering Further Register Optimizations
 11. General Register Statistics
 12. Inverted Register Statistics
 13. Multiplexer Restructuring Statistics (Restructuring Performed)
 14. Source assignments for PLL:PLL|PLL_altpll_0:altpll_0
 15. Source assignments for PLL:PLL|PLL_altpll_0:altpll_0|PLL_altpll_0_stdsync_sv6:stdsync2|PLL_altpll_0_dffpipe_l2c:dffpipe3
 16. Parameter Settings for User Entity Instance: VGA_Controller:inst
 17. Parameter Settings for Inferred Entity Instance: Game:inst1|lpm_add_sub:Add6
 18. Port Connectivity Checks: "PLL:PLL|PLL_altpll_0:altpll_0|PLL_altpll_0_altpll_63b2:sd1"
 19. Port Connectivity Checks: "PLL:PLL|PLL_altpll_0:altpll_0"
 20. Post-Synthesis Netlist Statistics for Top Partition
 21. Elapsed Time Per Partition
 22. Analysis & Synthesis Messages



----------------
; Legal Notice ;
----------------
Copyright (C) 1991-2014 Altera Corporation. All rights reserved.
Your use of Altera Corporation's design tools, logic functions 
and other software and tools, and its AMPP partner logic 
functions, and any output files from any of the foregoing 
(including device programming or simulation files), and any 
associated documentation or information are expressly subject 
to the terms and conditions of the Altera Program License 
Subscription Agreement, the Altera Quartus II License Agreement,
the Altera MegaCore Function License Agreement, or other 
applicable license agreement, including, without limitation, 
that your use is for the sole purpose of programming logic 
devices manufactured by Altera and sold by Altera or its 
authorized distributors.  Please refer to the applicable 
agreement for further details.



+---------------------------------------------------------------------------------+
; Analysis & Synthesis Summary                                                    ;
+------------------------------------+--------------------------------------------+
; Analysis & Synthesis Status        ; Successful - Tue Jun 05 20:06:32 2018      ;
; Quartus II 64-Bit Version          ; 14.1.0 Build 186 12/03/2014 SJ Web Edition ;
; Revision Name                      ; VGA                                        ;
; Top-level Entity Name              ; VGA                                        ;
; Family                             ; Cyclone IV E                               ;
; Total logic elements               ; 308                                        ;
;     Total combinational functions  ; 285                                        ;
;     Dedicated logic registers      ; 93                                         ;
; Total registers                    ; 93                                         ;
; Total pins                         ; 31                                         ;
; Total virtual pins                 ; 0                                          ;
; Total memory bits                  ; 0                                          ;
; Embedded Multiplier 9-bit elements ; 0                                          ;
; Total PLLs                         ; 1                                          ;
+------------------------------------+--------------------------------------------+


+----------------------------------------------------------------------------------------------------------------------+
; Analysis & Synthesis Settings                                                                                        ;
+----------------------------------------------------------------------------+--------------------+--------------------+
; Option                                                                     ; Setting            ; Default Value      ;
+----------------------------------------------------------------------------+--------------------+--------------------+
; Device                                                                     ; EP4CE115F29C7      ;                    ;
; Top-level entity name                                                      ; VGA                ; VGA                ;
; Family name                                                                ; Cyclone IV E       ; Cyclone IV GX      ;
; Use smart compilation                                                      ; Off                ; Off                ;
; Enable parallel Assembler and TimeQuest Timing Analyzer during compilation ; On                 ; On                 ;
; Enable compact report table                                                ; Off                ; Off                ;
; Restructure Multiplexers                                                   ; Auto               ; Auto               ;
; Create Debugging Nodes for IP Cores                                        ; Off                ; Off                ;
; Preserve fewer node names                                                  ; On                 ; On                 ;
; Disable OpenCore Plus hardware evaluation                                  ; Off                ; Off                ;
; Verilog Version                                                            ; Verilog_2001       ; Verilog_2001       ;
; VHDL Version                                                               ; VHDL_1993          ; VHDL_1993          ;
; State Machine Processing                                                   ; Auto               ; Auto               ;
; Safe State Machine                                                         ; Off                ; Off                ;
; Extract Verilog State Machines                                             ; On                 ; On                 ;
; Extract VHDL State Machines                                                ; On                 ; On                 ;
; Ignore Verilog initial constructs                                          ; Off                ; Off                ;
; Iteration limit for constant Verilog loops                                 ; 5000               ; 5000               ;
; Iteration limit for non-constant Verilog loops                             ; 250                ; 250                ;
; Add Pass-Through Logic to Inferred RAMs                                    ; On                 ; On                 ;
; Infer RAMs from Raw Logic                                                  ; On                 ; On                 ;
; Parallel Synthesis                                                         ; On                 ; On                 ;
; DSP Block Balancing                                                        ; Auto               ; Auto               ;
; NOT Gate Push-Back                                                         ; On                 ; On                 ;
; Power-Up Don't Care                                                        ; On                 ; On                 ;
; Remove Redundant Logic Cells                                               ; Off                ; Off                ;
; Remove Duplicate Registers                                                 ; On                 ; On                 ;
; Ignore CARRY Buffers                                                       ; Off                ; Off                ;
; Ignore CASCADE Buffers                                                     ; Off                ; Off                ;
; Ignore GLOBAL Buffers                                                      ; Off                ; Off                ;
; Ignore ROW GLOBAL Buffers                                                  ; Off                ; Off                ;
; Ignore LCELL Buffers                                                       ; Off                ; Off                ;
; Ignore SOFT Buffers                                                        ; On                 ; On                 ;
; Limit AHDL Integers to 32 Bits                                             ; Off                ; Off                ;
; Optimization Technique                                                     ; Balanced           ; Balanced           ;
; Carry Chain Length                                                         ; 70                 ; 70                 ;
; Auto Carry Chains                                                          ; On                 ; On                 ;
; Auto Open-Drain Pins                                                       ; On                 ; On                 ;
; Perform WYSIWYG Primitive Resynthesis                                      ; Off                ; Off                ;
; Auto ROM Replacement                                                       ; On                 ; On                 ;
; Auto RAM Replacement                                                       ; On                 ; On                 ;
; Auto DSP Block Replacement                                                 ; On                 ; On                 ;
; Auto Shift Register Replacement                                            ; Auto               ; Auto               ;
; Allow Shift Register Merging across Hierarchies                            ; Auto               ; Auto               ;
; Auto Clock Enable Replacement                                              ; On                 ; On                 ;
; Strict RAM Replacement                                                     ; Off                ; Off                ;
; Allow Synchronous Control Signals                                          ; On                 ; On                 ;
; Force Use of Synchronous Clear Signals                                     ; Off                ; Off                ;
; Auto RAM Block Balancing                                                   ; On                 ; On                 ;
; Auto RAM to Logic Cell Conversion                                          ; Off                ; Off                ;
; Auto Resource Sharing                                                      ; Off                ; Off                ;
; Allow Any RAM Size For Recognition                                         ; Off                ; Off                ;
; Allow Any ROM Size For Recognition                                         ; Off                ; Off                ;
; Allow Any Shift Register Size For Recognition                              ; Off                ; Off                ;
; Use LogicLock Constraints during Resource Balancing                        ; On                 ; On                 ;
; Ignore translate_off and synthesis_off directives                          ; Off                ; Off                ;
; Timing-Driven Synthesis                                                    ; On                 ; On                 ;
; Report Parameter Settings                                                  ; On                 ; On                 ;
; Report Source Assignments                                                  ; On                 ; On                 ;
; Report Connectivity Checks                                                 ; On                 ; On                 ;
; Ignore Maximum Fan-Out Assignments                                         ; Off                ; Off                ;
; Synchronization Register Chain Length                                      ; 2                  ; 2                  ;
; PowerPlay Power Optimization During Synthesis                              ; Normal compilation ; Normal compilation ;
; HDL message level                                                          ; Level2             ; Level2             ;
; Suppress Register Optimization Related Messages                            ; Off                ; Off                ;
; Number of Removed Registers Reported in Synthesis Report                   ; 5000               ; 5000               ;
; Number of Swept Nodes Reported in Synthesis Report                         ; 5000               ; 5000               ;
; Number of Inverted Registers Reported in Synthesis Report                  ; 100                ; 100                ;
; Clock MUX Protection                                                       ; On                 ; On                 ;
; Auto Gated Clock Conversion                                                ; Off                ; Off                ;
; Block Design Naming                                                        ; Auto               ; Auto               ;
; SDC constraint protection                                                  ; Off                ; Off                ;
; Synthesis Effort                                                           ; Auto               ; Auto               ;
; Shift Register Replacement - Allow Asynchronous Clear Signal               ; On                 ; On                 ;
; Pre-Mapping Resynthesis Optimization                                       ; Off                ; Off                ;
; Analysis & Synthesis Message Level                                         ; Medium             ; Medium             ;
; Disable Register Merging Across Hierarchies                                ; Auto               ; Auto               ;
; Resource Aware Inference For Block RAM                                     ; On                 ; On                 ;
; Synthesis Seed                                                             ; 1                  ; 1                  ;
+----------------------------------------------------------------------------+--------------------+--------------------+


+------------------------------------------+
; Parallel Compilation                     ;
+----------------------------+-------------+
; Processors                 ; Number      ;
+----------------------------+-------------+
; Number detected on machine ; 4           ;
; Maximum allowed            ; 4           ;
;                            ;             ;
; Average used               ; 1.00        ;
; Maximum used               ; 1           ;
;                            ;             ;
; Usage by Processor         ; % Time Used ;
;     Processor 1            ; 100.0%      ;
;     Processors 2-4         ;   0.0%      ;
+----------------------------+-------------+


+-------------------------------------------------------------------------------------------------------------------------------------------------------------------------------------------+
; Analysis & Synthesis Source Files Read                                                                                                                                                    ;
+-----------------------------------------+-----------------+------------------------------------------+--------------------------------------------------------------------------+---------+
; File Name with User-Entered Path        ; Used in Netlist ; File Type                                ; File Name with Absolute Path                                             ; Library ;
+-----------------------------------------+-----------------+------------------------------------------+--------------------------------------------------------------------------+---------+
; Game.vhd                                ; yes             ; User VHDL File                           ; C:/Users/Felix/Desktop/Game/Game/Game.vhd                                ;         ;
; PLL/synthesis/PLL.v                     ; yes             ; User Verilog HDL File                    ; C:/Users/Felix/Desktop/Game/Game/PLL/synthesis/PLL.v                     ; PLL     ;
; PLL/synthesis/submodules/PLL_altpll_0.v ; yes             ; User Verilog HDL File                    ; C:/Users/Felix/Desktop/Game/Game/PLL/synthesis/submodules/PLL_altpll_0.v ; PLL     ;
; VGA_Controller.vhd                      ; yes             ; User VHDL File                           ; C:/Users/Felix/Desktop/Game/Game/VGA_Controller.vhd                      ;         ;
; Keeper.vhd                              ; yes             ; User VHDL File                           ; C:/Users/Felix/Desktop/Game/Game/Keeper.vhd                              ;         ;
; Ball.vhd                                ; yes             ; User VHDL File                           ; C:/Users/Felix/Desktop/Game/Game/Ball.vhd                                ;         ;
; vga.bdf                                 ; yes             ; Auto-Found Block Diagram/Schematic File  ; C:/Users/Felix/Desktop/Game/Game/vga.bdf                                 ;         ;
; lpm_add_sub.tdf                         ; yes             ; Megafunction                             ; c:/altera/14.1/quartus/libraries/megafunctions/lpm_add_sub.tdf           ;         ;
; addcore.inc                             ; yes             ; Megafunction                             ; c:/altera/14.1/quartus/libraries/megafunctions/addcore.inc               ;         ;
; look_add.inc                            ; yes             ; Megafunction                             ; c:/altera/14.1/quartus/libraries/megafunctions/look_add.inc              ;         ;
; bypassff.inc                            ; yes             ; Megafunction                             ; c:/altera/14.1/quartus/libraries/megafunctions/bypassff.inc              ;         ;
; altshift.inc                            ; yes             ; Megafunction                             ; c:/altera/14.1/quartus/libraries/megafunctions/altshift.inc              ;         ;
; alt_stratix_add_sub.inc                 ; yes             ; Megafunction                             ; c:/altera/14.1/quartus/libraries/megafunctions/alt_stratix_add_sub.inc   ;         ;
; aglobal141.inc                          ; yes             ; Megafunction                             ; c:/altera/14.1/quartus/libraries/megafunctions/aglobal141.inc            ;         ;
; db/add_sub_nvi.tdf                      ; yes             ; Auto-Generated Megafunction              ; C:/Users/Felix/Desktop/Game/Game/db/add_sub_nvi.tdf                      ;         ;
+-----------------------------------------+-----------------+------------------------------------------+--------------------------------------------------------------------------+---------+


+---------------------------------------------------------------------------------------------------------------------------+
; Analysis & Synthesis Resource Usage Summary                                                                               ;
+---------------------------------------------+-----------------------------------------------------------------------------+
; Resource                                    ; Usage                                                                       ;
+---------------------------------------------+-----------------------------------------------------------------------------+
; Estimated Total logic elements              ; 308                                                                         ;
;                                             ;                                                                             ;
; Total combinational functions               ; 285                                                                         ;
; Logic element usage by number of LUT inputs ;                                                                             ;
;     -- 4 input functions                    ; 86                                                                          ;
;     -- 3 input functions                    ; 82                                                                          ;
;     -- <=2 input functions                  ; 117                                                                         ;
;                                             ;                                                                             ;
; Logic elements by mode                      ;                                                                             ;
;     -- normal mode                          ; 148                                                                         ;
;     -- arithmetic mode                      ; 137                                                                         ;
;                                             ;                                                                             ;
; Total registers                             ; 93                                                                          ;
;     -- Dedicated logic registers            ; 93                                                                          ;
;     -- I/O registers                        ; 0                                                                           ;
;                                             ;                                                                             ;
; I/O pins                                    ; 31                                                                          ;
;                                             ;                                                                             ;
; Embedded Multiplier 9-bit elements          ; 0                                                                           ;
;                                             ;                                                                             ;
; Total PLLs                                  ; 1                                                                           ;
;     -- PLLs                                 ; 1                                                                           ;
;                                             ;                                                                             ;
; Maximum fan-out node                        ; PLL:PLL|PLL_altpll_0:altpll_0|PLL_altpll_0_altpll_63b2:sd1|wire_pll7_clk[0] ;
; Maximum fan-out                             ; 95                                                                          ;
; Total fan-out                               ; 1117                                                                        ;
; Average fan-out                             ; 2.53                                                                        ;
+---------------------------------------------+-----------------------------------------------------------------------------+


+--------------------------------------------------------------------------------------------------------------------------------------------------------------------------------------------------------------------------------------+
; Analysis & Synthesis Resource Utilization by Entity                                                                                                                                                                                  ;
+-----------------------------------------+-------------------+--------------+-------------+--------------+---------+-----------+------+--------------+-----------------------------------------------------------------+--------------+
; Compilation Hierarchy Node              ; LC Combinationals ; LC Registers ; Memory Bits ; DSP Elements ; DSP 9x9 ; DSP 18x18 ; Pins ; Virtual Pins ; Full Hierarchy Name                                             ; Library Name ;
+-----------------------------------------+-------------------+--------------+-------------+--------------+---------+-----------+------+--------------+-----------------------------------------------------------------+--------------+
; |VGA                                    ; 285 (0)           ; 93 (0)       ; 0           ; 0            ; 0       ; 0         ; 31   ; 0            ; |VGA                                                            ; work         ;
;    |Game:inst1|                         ; 218 (204)         ; 44 (44)      ; 0           ; 0            ; 0       ; 0         ; 0    ; 0            ; |VGA|Game:inst1                                                 ; work         ;
;       |lpm_add_sub:Add6|                ; 14 (0)            ; 0 (0)        ; 0           ; 0            ; 0       ; 0         ; 0    ; 0            ; |VGA|Game:inst1|lpm_add_sub:Add6                                ; work         ;
;          |add_sub_nvi:auto_generated|   ; 14 (14)           ; 0 (0)        ; 0           ; 0            ; 0       ; 0         ; 0    ; 0            ; |VGA|Game:inst1|lpm_add_sub:Add6|add_sub_nvi:auto_generated     ; work         ;
;    |PLL:PLL|                            ; 0 (0)             ; 0 (0)        ; 0           ; 0            ; 0       ; 0         ; 0    ; 0            ; |VGA|PLL:PLL                                                    ; PLL          ;
;       |PLL_altpll_0:altpll_0|           ; 0 (0)             ; 0 (0)        ; 0           ; 0            ; 0       ; 0         ; 0    ; 0            ; |VGA|PLL:PLL|PLL_altpll_0:altpll_0                              ; PLL          ;
;          |PLL_altpll_0_altpll_63b2:sd1| ; 0 (0)             ; 0 (0)        ; 0           ; 0            ; 0       ; 0         ; 0    ; 0            ; |VGA|PLL:PLL|PLL_altpll_0:altpll_0|PLL_altpll_0_altpll_63b2:sd1 ; PLL          ;
;    |VGA_Controller:inst|                ; 67 (67)           ; 49 (49)      ; 0           ; 0            ; 0       ; 0         ; 0    ; 0            ; |VGA|VGA_Controller:inst                                        ; work         ;
+-----------------------------------------+-------------------+--------------+-------------+--------------+---------+-----------+------+--------------+-----------------------------------------------------------------+--------------+
Note: For table entries with two numbers listed, the numbers in parentheses indicate the number of resources of the given type used by the specific entity alone. The numbers listed outside of parentheses indicate the total resources of the given type used by the specific entity and all of its sub-entities in the hierarchy.


+----------------------------------------------------------------------------------------------------------------------+
; Analysis & Synthesis IP Cores Summary                                                                                ;
+--------+--------------+---------+--------------+--------------+------------------------------------+-----------------+
; Vendor ; IP Core Name ; Version ; Release Date ; License Type ; Entity Instance                    ; IP Include File ;
+--------+--------------+---------+--------------+--------------+------------------------------------+-----------------+
; N/A    ; Qsys         ; 13.0    ; N/A          ; N/A          ; |VGA|PLL:PLL                       ; PLL.qsys        ;
; Altera ; altpll       ; 13.0    ; N/A          ; N/A          ; |VGA|PLL:PLL|PLL_altpll_0:altpll_0 ; PLL.qsys        ;
+--------+--------------+---------+--------------+--------------+------------------------------------+-----------------+


+-----------------------------------------------------------------------------------+
; Registers Removed During Synthesis                                                ;
+------------------------------------------+----------------------------------------+
; Register name                            ; Reason for Removal                     ;
+------------------------------------------+----------------------------------------+
; VGA_Controller:inst|column[12..31]       ; Stuck at GND due to stuck port data_in ;
; VGA_Controller:inst|row[11..31]          ; Stuck at GND due to stuck port data_in ;
; PLL:PLL|PLL_altpll_0:altpll_0|prev_reset ; Stuck at GND due to stuck port data_in ;
; Game:inst1|BallDirectionX[0]             ; Stuck at VCC due to stuck port data_in ;
; Total Number of Removed Registers = 43   ;                                        ;
+------------------------------------------+----------------------------------------+


+---------------------------------------------------------------------------------------------------------------+
; Removed Registers Triggering Further Register Optimizations                                                   ;
+------------------------------------------+---------------------------+----------------------------------------+
; Register name                            ; Reason for Removal        ; Registers Removed due to This Register ;
+------------------------------------------+---------------------------+----------------------------------------+
; PLL:PLL|PLL_altpll_0:altpll_0|prev_reset ; Stuck at GND              ; Game:inst1|BallDirectionX[0]           ;
;                                          ; due to stuck port data_in ;                                        ;
+------------------------------------------+---------------------------+----------------------------------------+


+------------------------------------------------------+
; General Register Statistics                          ;
+----------------------------------------------+-------+
; Statistic                                    ; Value ;
+----------------------------------------------+-------+
; Total registers                              ; 93    ;
; Number of registers using Synchronous Clear  ; 1     ;
; Number of registers using Synchronous Load   ; 1     ;
; Number of registers using Asynchronous Clear ; 12    ;
; Number of registers using Asynchronous Load  ; 0     ;
; Number of registers using Clock Enable       ; 47    ;
; Number of registers using Preset             ; 0     ;
+----------------------------------------------+-------+


+--------------------------------------------------+
; Inverted Register Statistics                     ;
+----------------------------------------+---------+
; Inverted Register                      ; Fan out ;
+----------------------------------------+---------+
; Game:inst1|Ball_X1[9]                  ; 6       ;
; Game:inst1|Ball_X1[8]                  ; 5       ;
; Game:inst1|Ball_X1[5]                  ; 5       ;
; Game:inst1|Keeper_Y1[8]                ; 6       ;
; Game:inst1|Keeper_Y1[7]                ; 5       ;
; Game:inst1|Keeper_Y1[6]                ; 5       ;
; Game:inst1|Keeper_Y1[5]                ; 5       ;
; Game:inst1|Keeper_Y1[4]                ; 5       ;
; Game:inst1|Keeper_Y1[2]                ; 5       ;
; Total number of inverted registers = 9 ;         ;
+----------------------------------------+---------+


+------------------------------------------------------------------------------------------------------------------------------------------------+
; Multiplexer Restructuring Statistics (Restructuring Performed)                                                                                 ;
+--------------------+-----------+---------------+----------------------+------------------------+------------+----------------------------------+
; Multiplexer Inputs ; Bus Width ; Baseline Area ; Area if Restructured ; Saving if Restructured ; Registered ; Example Multiplexer Output       ;
+--------------------+-----------+---------------+----------------------+------------------------+------------+----------------------------------+
; 4:1                ; 5 bits    ; 10 LEs        ; 5 LEs                ; 5 LEs                  ; Yes        ; |VGA|Game:inst1|Ball_X1[0]       ;
; 4:1                ; 6 bits    ; 12 LEs        ; 6 LEs                ; 6 LEs                  ; Yes        ; |VGA|Game:inst1|Keeper_Y1[0]     ;
; 6:1                ; 10 bits   ; 40 LEs        ; 10 LEs               ; 30 LEs                 ; Yes        ; |VGA|Game:inst1|delay[7]         ;
; 4:1                ; 7 bits    ; 14 LEs        ; 7 LEs                ; 7 LEs                  ; Yes        ; |VGA|Game:inst1|Ball_X1[7]       ;
; 4:1                ; 6 bits    ; 12 LEs        ; 6 LEs                ; 6 LEs                  ; Yes        ; |VGA|Game:inst1|Keeper_Y1[8]     ;
; 3:1                ; 11 bits   ; 22 LEs        ; 22 LEs               ; 0 LEs                  ; No         ; |VGA|VGA_Controller:inst|v_count ;
+--------------------+-----------+---------------+----------------------+------------------------+------------+----------------------------------+


+------------------------------------------------------+
; Source assignments for PLL:PLL|PLL_altpll_0:altpll_0 ;
+----------------+-------+------+----------------------+
; Assignment     ; Value ; From ; To                   ;
+----------------+-------+------+----------------------+
; POWER_UP_LEVEL ; HIGH  ; -    ; pfdena_reg           ;
+----------------+-------+------+----------------------+


+--------------------------------------------------------------------------------------------------------------------------+
; Source assignments for PLL:PLL|PLL_altpll_0:altpll_0|PLL_altpll_0_stdsync_sv6:stdsync2|PLL_altpll_0_dffpipe_l2c:dffpipe3 ;
+---------------------------------+-------+------+-------------------------------------------------------------------------+
; Assignment                      ; Value ; From ; To                                                                      ;
+---------------------------------+-------+------+-------------------------------------------------------------------------+
; AUTO_SHIFT_REGISTER_RECOGNITION ; OFF   ; -    ; -                                                                       ;
+---------------------------------+-------+------+-------------------------------------------------------------------------+


+------------------------------------------------------------------+
; Parameter Settings for User Entity Instance: VGA_Controller:inst ;
+----------------+-------+-----------------------------------------+
; Parameter Name ; Value ; Type                                    ;
+----------------+-------+-----------------------------------------+
; h_pulse        ; 208   ; Signed Integer                          ;
; h_bp           ; 336   ; Signed Integer                          ;
; h_display      ; 1920  ; Signed Integer                          ;
; h_pol          ; '0'   ; Enumerated                              ;
; h_fp           ; 128   ; Signed Integer                          ;
; v_pulse        ; 3     ; Signed Integer                          ;
; v_bp           ; 38    ; Signed Integer                          ;
; v_display      ; 1200  ; Signed Integer                          ;
; v_fp           ; 1     ; Signed Integer                          ;
; v_pol          ; '1'   ; Enumerated                              ;
+----------------+-------+-----------------------------------------+
Note: In order to hide this table in the UI and the text report file, please set the "Show Parameter Settings in Synthesis Report" option in "Analysis and Synthesis Settings -> More Settings" to "Off".


+------------------------------------------------------------------------------+
; Parameter Settings for Inferred Entity Instance: Game:inst1|lpm_add_sub:Add6 ;
+------------------------+--------------+--------------------------------------+
; Parameter Name         ; Value        ; Type                                 ;
+------------------------+--------------+--------------------------------------+
; LPM_WIDTH              ; 12           ; Untyped                              ;
; LPM_REPRESENTATION     ; UNSIGNED     ; Untyped                              ;
; LPM_DIRECTION          ; DEFAULT      ; Untyped                              ;
; ONE_INPUT_IS_CONSTANT  ; NO           ; Untyped                              ;
; LPM_PIPELINE           ; 0            ; Untyped                              ;
; MAXIMIZE_SPEED         ; 5            ; Untyped                              ;
; REGISTERED_AT_END      ; 0            ; Untyped                              ;
; OPTIMIZE_FOR_SPEED     ; 5            ; Untyped                              ;
; USE_CS_BUFFERS         ; 1            ; Untyped                              ;
; CARRY_CHAIN            ; MANUAL       ; Untyped                              ;
; CARRY_CHAIN_LENGTH     ; 48           ; CARRY_CHAIN_LENGTH                   ;
; DEVICE_FAMILY          ; Cyclone IV E ; Untyped                              ;
; USE_WYS                ; OFF          ; Untyped                              ;
; STYLE                  ; FAST         ; Untyped                              ;
; CBXI_PARAMETER         ; add_sub_nvi  ; Untyped                              ;
; AUTO_CARRY_CHAINS      ; ON           ; AUTO_CARRY                           ;
; IGNORE_CARRY_BUFFERS   ; OFF          ; IGNORE_CARRY                         ;
; AUTO_CASCADE_CHAINS    ; ON           ; AUTO_CASCADE                         ;
; IGNORE_CASCADE_BUFFERS ; OFF          ; IGNORE_CASCADE                       ;
+------------------------+--------------+--------------------------------------+
Note: In order to hide this table in the UI and the text report file, please set the "Show Parameter Settings in Synthesis Report" option in "Analysis and Synthesis Settings -> More Settings" to "Off".


+---------------------------------------------------------------------------------------------------------------------+
; Port Connectivity Checks: "PLL:PLL|PLL_altpll_0:altpll_0|PLL_altpll_0_altpll_63b2:sd1"                              ;
+-----------+--------+----------+-------------------------------------------------------------------------------------+
; Port      ; Type   ; Severity ; Details                                                                             ;
+-----------+--------+----------+-------------------------------------------------------------------------------------+
; clk[4..2] ; Output ; Info     ; Connected to dangling logic. Logic that only feeds a dangling port will be removed. ;
; inclk[1]  ; Input  ; Info     ; Stuck at GND                                                                        ;
+-----------+--------+----------+-------------------------------------------------------------------------------------+


+-----------------------------------------------------------+
; Port Connectivity Checks: "PLL:PLL|PLL_altpll_0:altpll_0" ;
+-----------+--------+----------+---------------------------+
; Port      ; Type   ; Severity ; Details                   ;
+-----------+--------+----------+---------------------------+
; read      ; Input  ; Info     ; Explicitly unconnected    ;
; write     ; Input  ; Info     ; Explicitly unconnected    ;
; address   ; Input  ; Info     ; Explicitly unconnected    ;
; readdata  ; Output ; Info     ; Explicitly unconnected    ;
; writedata ; Input  ; Info     ; Explicitly unconnected    ;
; areset    ; Input  ; Info     ; Explicitly unconnected    ;
; locked    ; Output ; Info     ; Explicitly unconnected    ;
; phasedone ; Output ; Info     ; Explicitly unconnected    ;
+-----------+--------+----------+---------------------------+


+-----------------------------------------------------+
; Post-Synthesis Netlist Statistics for Top Partition ;
+-----------------------+-----------------------------+
; Type                  ; Count                       ;
+-----------------------+-----------------------------+
; boundary_port         ; 31                          ;
; cycloneiii_ff         ; 93                          ;
;     ENA               ; 35                          ;
;     ENA CLR           ; 12                          ;
;     SCLR SLD          ; 1                           ;
;     plain             ; 45                          ;
; cycloneiii_lcell_comb ; 287                         ;
;     arith             ; 137                         ;
;         2 data inputs ; 82                          ;
;         3 data inputs ; 55                          ;
;     normal            ; 150                         ;
;         0 data inputs ; 6                           ;
;         1 data inputs ; 7                           ;
;         2 data inputs ; 24                          ;
;         3 data inputs ; 27                          ;
;         4 data inputs ; 86                          ;
; cycloneiii_pll        ; 1                           ;
;                       ;                             ;
; Max LUT depth         ; 9.00                        ;
; Average LUT depth     ; 5.45                        ;
+-----------------------+-----------------------------+


+-------------------------------+
; Elapsed Time Per Partition    ;
+----------------+--------------+
; Partition Name ; Elapsed Time ;
+----------------+--------------+
; Top            ; 00:00:01     ;
+----------------+--------------+


+-------------------------------+
; Analysis & Synthesis Messages ;
+-------------------------------+
Info: *******************************************************************
Info: Running Quartus II 64-Bit Analysis & Synthesis
    Info: Version 14.1.0 Build 186 12/03/2014 SJ Web Edition
    Info: Processing started: Tue Jun 05 20:06:18 2018
Info: Command: quartus_map --read_settings_files=on --write_settings_files=off VGA -c VGA
Info (20030): Parallel compilation is enabled and will use 4 of the 4 processors detected
Info (12021): Found 2 design units, including 1 entities, in source file game.vhd
    Info (12022): Found design unit 1: Game-behav
    Info (12023): Found entity 1: Game
Info (12021): Found 1 design units, including 1 entities, in source file pll/synthesis/pll.v
    Info (12023): Found entity 1: PLL
Info (12021): Found 4 design units, including 4 entities, in source file pll/synthesis/submodules/pll_altpll_0.v
    Info (12023): Found entity 1: PLL_altpll_0_dffpipe_l2c
    Info (12023): Found entity 2: PLL_altpll_0_stdsync_sv6
    Info (12023): Found entity 3: PLL_altpll_0_altpll_63b2
    Info (12023): Found entity 4: PLL_altpll_0
Info (12021): Found 2 design units, including 1 entities, in source file vga_controller.vhd
    Info (12022): Found design unit 1: vga_controller-behav
    Info (12023): Found entity 1: VGA_Controller
Info (12021): Found 2 design units, including 0 entities, in source file keeper.vhd
    Info (12022): Found design unit 1: Keeper
    Info (12022): Found design unit 2: Keeper-body
Info (12021): Found 2 design units, including 0 entities, in source file ball.vhd
    Info (12022): Found design unit 1: Ball
    Info (12022): Found design unit 2: Ball-body
Warning (12125): Using design file vga.bdf, which is not specified as a design file for the current project, but contains definitions for 1 design units and 1 entities in project
    Info (12023): Found entity 1: VGA
Info (12127): Elaborating entity "VGA" for the top level hierarchy
Info (12128): Elaborating entity "VGA_Controller" for hierarchy "VGA_Controller:inst"
Info (12128): Elaborating entity "PLL" for hierarchy "PLL:PLL"
Info (12128): Elaborating entity "PLL_altpll_0" for hierarchy "PLL:PLL|PLL_altpll_0:altpll_0"
Info (12128): Elaborating entity "PLL_altpll_0_stdsync_sv6" for hierarchy "PLL:PLL|PLL_altpll_0:altpll_0|PLL_altpll_0_stdsync_sv6:stdsync2"
Info (12128): Elaborating entity "PLL_altpll_0_dffpipe_l2c" for hierarchy "PLL:PLL|PLL_altpll_0:altpll_0|PLL_altpll_0_stdsync_sv6:stdsync2|PLL_altpll_0_dffpipe_l2c:dffpipe3"
Info (12128): Elaborating entity "PLL_altpll_0_altpll_63b2" for hierarchy "PLL:PLL|PLL_altpll_0:altpll_0|PLL_altpll_0_altpll_63b2:sd1"
Info (12128): Elaborating entity "Game" for hierarchy "Game:inst1"
Warning (10540): VHDL Signal Declaration warning at Game.vhd(30): used explicit default value for signal "Keeper_X1" because signal was never assigned a value
Warning (10540): VHDL Signal Declaration warning at Game.vhd(32): used explicit default value for signal "ballSpeed" because signal was never assigned a value
Warning (10540): VHDL Signal Declaration warning at Game.vhd(33): used explicit default value for signal "Ball_Y1" because signal was never assigned a value
Warning (10492): VHDL Process Statement warning at Game.vhd(85): signal "Ball_X1" is read inside the Process Statement but isn't in the Process Statement's sensitivity list
Warning (10492): VHDL Process Statement warning at Game.vhd(101): signal "current_row" is read inside the Process Statement but isn't in the Process Statement's sensitivity list
Warning (10492): VHDL Process Statement warning at Game.vhd(101): signal "current_column" is read inside the Process Statement but isn't in the Process Statement's sensitivity list
Warning (10492): VHDL Process Statement warning at Game.vhd(101): signal "Keeper_X1" is read inside the Process Statement but isn't in the Process Statement's sensitivity list
Warning (10492): VHDL Process Statement warning at Game.vhd(101): signal "Keeper_Y1" is read inside the Process Statement but isn't in the Process Statement's sensitivity list
Warning (10492): VHDL Process Statement warning at Game.vhd(102): signal "current_row" is read inside the Process Statement but isn't in the Process Statement's sensitivity list
Warning (10492): VHDL Process Statement warning at Game.vhd(102): signal "current_column" is read inside the Process Statement but isn't in the Process Statement's sensitivity list
Warning (10492): VHDL Process Statement warning at Game.vhd(102): signal "Ball_X1" is read inside the Process Statement but isn't in the Process Statement's sensitivity list
Warning (10492): VHDL Process Statement warning at Game.vhd(102): signal "Ball_Y1" is read inside the Process Statement but isn't in the Process Statement's sensitivity list
Warning (10492): VHDL Process Statement warning at Game.vhd(104): signal "current_column" is read inside the Process Statement but isn't in the Process Statement's sensitivity list
Warning (10492): VHDL Process Statement warning at Game.vhd(104): signal "current_row" is read inside the Process Statement but isn't in the Process Statement's sensitivity list
Info (278001): Inferred 1 megafunctions from design logic
    Info (278002): Inferred adder/subtractor megafunction ("lpm_add_sub") from the following logic: "Game:inst1|Add6"
Info (12130): Elaborated megafunction instantiation "Game:inst1|lpm_add_sub:Add6"
Info (12133): Instantiated megafunction "Game:inst1|lpm_add_sub:Add6" with the following parameter:
    Info (12134): Parameter "LPM_WIDTH" = "12"
    Info (12134): Parameter "LPM_DIRECTION" = "DEFAULT"
    Info (12134): Parameter "LPM_REPRESENTATION" = "UNSIGNED"
    Info (12134): Parameter "ONE_INPUT_IS_CONSTANT" = "NO"
Info (12021): Found 1 design units, including 1 entities, in source file db/add_sub_nvi.tdf
    Info (12023): Found entity 1: add_sub_nvi
Warning (13024): Output pins are stuck at VCC or GND
    Warning (13410): Pin "n_blank" is stuck at VCC
    Warning (13410): Pin "n_sync" is stuck at GND
Info (286030): Timing-Driven Synthesis is running
Critical Warning (18061): Ignored Power-Up Level option on the following registers
    Critical Warning (18010): Register Game:inst1|Ball_X1[8] will power up to High
    Critical Warning (18010): Register Game:inst1|Ball_X1[7] will power up to Low
    Critical Warning (18010): Register Game:inst1|Ball_X1[4] will power up to Low
    Critical Warning (18010): Register Game:inst1|Ball_X1[3] will power up to Low
    Critical Warning (18010): Register Game:inst1|Ball_X1[2] will power up to Low
Info (16010): Generating hard_block partition "hard_block:auto_generated_inst"
    Info (16011): Adding 1 node(s), including 0 DDIO, 1 PLL, 0 transceiver and 0 LCELL
Info (21057): Implemented 365 device resources after synthesis - the final resource count might be different
    Info (21058): Implemented 2 input pins
    Info (21059): Implemented 29 output pins
    Info (21061): Implemented 333 logic cells
    Info (21065): Implemented 1 PLLs
Info: Quartus II 64-Bit Analysis & Synthesis was successful. 0 errors, 24 warnings
    Info: Peak virtual memory: 4831 megabytes
    Info: Processing ended: Tue Jun 05 20:06:32 2018
    Info: Elapsed time: 00:00:14
    Info: Total CPU time (on all processors): 00:00:22


